<?xml version="1.0" encoding="UTF-8"?>
<!-- Generated by org.testng.reporters.JUnitXMLReporter -->
<testsuite ignored="0" hostname="DESKTOP-7MK4EF7" failures="0" tests="4" name="Default test" time="115.966" errors="0" timestamp="2023-04-19T13:43:30 IST">
  <testcase classname="secretrialTestCase.EntittyTest" name="Login" time="14.758"/>
  <testcase classname="secretrialTestCase.EntittyTest" name="BankDetailEditInvalid" time="41.979"/>
  <testcase classname="secretrialTestCase.EntittyTest" name="BankDetailDelete" time="27.024"/>
  <testcase classname="secretrialTestCase.EntittyTest" name="BankDetailDeleteCan" time="23.454"/>
</testsuite> <!-- Default test -->
