<?xml version="1.0" encoding="UTF-8"?>
<testng-results ignored="0" total="2" passed="2" failed="0" skipped="0">
  <reporter-output>
  </reporter-output>
  <suite started-at="2023-05-24T17:21:23 IST" name="Default suite" finished-at="2023-05-24T17:22:25 IST" duration-ms="61493">
    <groups>
    </groups>
    <test started-at="2023-05-24T17:21:23 IST" name="Default test" finished-at="2023-05-24T17:22:25 IST" duration-ms="61493">
      <class name="secretrialTestCase.EntittyTest">
        <test-method is-config="true" signature="setBrowser()[pri:0, instance:secretrialTestCase.EntittyTest@16293aa2]" started-at="2023-05-24T17:21:23 IST" name="setBrowser" finished-at="2023-05-24T17:21:32 IST" duration-ms="8969" status="PASS">
          <reporter-output>
          </reporter-output>
        </test-method> <!-- setBrowser -->
        <test-method signature="Login()[pri:1, instance:secretrialTestCase.EntittyTest@16293aa2]" started-at="2023-05-24T17:21:32 IST" name="Login" finished-at="2023-05-24T17:21:43 IST" duration-ms="10759" status="PASS">
          <reporter-output>
          </reporter-output>
        </test-method> <!-- Login -->
        <test-method signature="SRDEPOSITDwonGR()[pri:309, instance:secretrialTestCase.EntittyTest@16293aa2]" started-at="2023-05-24T17:21:43 IST" name="SRDEPOSITDwonGR" finished-at="2023-05-24T17:22:25 IST" duration-ms="41664" status="PASS">
          <reporter-output>
          </reporter-output>
        </test-method> <!-- SRDEPOSITDwonGR -->
      </class> <!-- secretrialTestCase.EntittyTest -->
    </test> <!-- Default test -->
  </suite> <!-- Default suite -->
</testng-results>
