<?xml version="1.0" encoding="UTF-8"?>
<testng-results ignored="0" total="2" passed="2" failed="0" skipped="0">
  <reporter-output>
  </reporter-output>
  <suite started-at="2023-06-12T18:10:05 IST" name="Default suite" finished-at="2023-06-12T18:11:12 IST" duration-ms="67266">
    <groups>
    </groups>
    <test started-at="2023-06-12T18:10:05 IST" name="Default test" finished-at="2023-06-12T18:11:12 IST" duration-ms="67266">
      <class name="secretrialTestCase.EntittyTest">
        <test-method is-config="true" signature="setBrowser()[pri:0, instance:secretrialTestCase.EntittyTest@5c5eefef]" started-at="2023-06-12T18:10:05 IST" name="setBrowser" finished-at="2023-06-12T18:10:13 IST" duration-ms="7813" status="PASS">
          <reporter-output>
          </reporter-output>
        </test-method> <!-- setBrowser -->
        <test-method signature="Login()[pri:1, instance:secretrialTestCase.EntittyTest@5c5eefef]" started-at="2023-06-12T18:10:13 IST" name="Login" finished-at="2023-06-12T18:10:25 IST" duration-ms="12816" status="PASS">
          <reporter-output>
          </reporter-output>
        </test-method> <!-- Login -->
        <test-method signature="SRMB2UploadwithoutFileActionTab()[pri:391, instance:secretrialTestCase.EntittyTest@5c5eefef]" started-at="2023-06-12T18:10:25 IST" name="SRMB2UploadwithoutFileActionTab" finished-at="2023-06-12T18:11:12 IST" duration-ms="46551" status="PASS">
          <reporter-output>
          </reporter-output>
        </test-method> <!-- SRMB2UploadwithoutFileActionTab -->
      </class> <!-- secretrialTestCase.EntittyTest -->
    </test> <!-- Default test -->
  </suite> <!-- Default suite -->
</testng-results>
